[0.010s] Invoking command in '/home/airlab/osep_path_planner/build/rosa_skeleton_extraction': CMAKE_PREFIX_PATH=/opt/ros/humble /usr/bin/cmake /home/airlab/osep_path_planner/src/rosa_skeleton_extraction -DCMAKE_INSTALL_PREFIX=/home/airlab/osep_path_planner/install/rosa_skeleton_extraction
[0.087s] -- The C compiler identification is GNU 11.4.0
[0.149s] -- The CXX compiler identification is GNU 11.4.0
[0.157s] -- Detecting C compiler ABI info
[0.210s] -- Detecting C compiler ABI info - done
[0.216s] -- Check for working C compiler: /usr/bin/cc - skipped
[0.216s] -- Detecting C compile features
[0.217s] -- Detecting C compile features - done
[0.220s] -- Detecting CXX compiler ABI info
[0.277s] -- Detecting CXX compiler ABI info - done
[0.284s] -- Check for working CXX compiler: /usr/bin/c++ - skipped
[0.284s] -- Detecting CXX compile features
[0.284s] -- Detecting CXX compile features - done
[0.286s] -- Found ament_cmake: 1.3.11 (/opt/ros/humble/share/ament_cmake/cmake)
[0.590s] -- Found Python3: /usr/bin/python3 (found version "3.10.12") found components: Interpreter 
[0.663s] -- Found rclcpp: 16.0.12 (/opt/ros/humble/share/rclcpp/cmake)
[0.702s] -- Found rosidl_generator_c: 3.1.6 (/opt/ros/humble/share/rosidl_generator_c/cmake)
[0.706s] -- Found rosidl_adapter: 3.1.6 (/opt/ros/humble/share/rosidl_adapter/cmake)
[0.714s] -- Found rosidl_generator_cpp: 3.1.6 (/opt/ros/humble/share/rosidl_generator_cpp/cmake)
[0.726s] -- Using all available rosidl_typesupport_c: rosidl_typesupport_fastrtps_c;rosidl_typesupport_introspection_c
[0.741s] -- Using all available rosidl_typesupport_cpp: rosidl_typesupport_fastrtps_cpp;rosidl_typesupport_introspection_cpp
[0.786s] -- Found rmw_implementation_cmake: 6.1.2 (/opt/ros/humble/share/rmw_implementation_cmake/cmake)
[0.787s] -- Found rmw_fastrtps_cpp: 6.2.7 (/opt/ros/humble/share/rmw_fastrtps_cpp/cmake)
[0.854s] -- Found OpenSSL: /usr/lib/x86_64-linux-gnu/libcrypto.so (found version "3.0.2")  
[0.875s] -- Found FastRTPS: /opt/ros/humble/include  
[0.906s] -- Using RMW implementation 'rmw_fastrtps_cpp' as default
[0.914s] -- Looking for pthread.h
[0.965s] -- Looking for pthread.h - found
[0.965s] -- Performing Test CMAKE_HAVE_LIBC_PTHREAD
[1.015s] -- Performing Test CMAKE_HAVE_LIBC_PTHREAD - Success
[1.016s] -- Found Threads: TRUE  
[1.068s] -- Found pcl_conversions: 2.4.5 (/opt/ros/humble/share/pcl_conversions/cmake)
[1.136s] -- Checking for module 'eigen3'
[1.144s] --   Found eigen3, version 3.4.0
[1.163s] -- Found Eigen: /usr/include/eigen3 (Required is at least version "3.1") 
[1.163s] -- Eigen found (include: /usr/include/eigen3, version: 3.4.0)
[1.195s] -- Checking for module 'flann'
[1.202s] --   Found flann, version 1.9.1
[1.226s] -- Found FLANN: /usr/lib/x86_64-linux-gnu/libflann_cpp.so  
[1.226s] -- FLANN found (include: /usr/include, lib: /usr/lib/x86_64-linux-gnu/libflann_cpp.so)
[1.891s] -- Checking for module 'libusb-1.0'
[1.900s] --   Found libusb-1.0, version 1.0.25
[1.921s] -- Found libusb: /usr/lib/x86_64-linux-gnu/libusb-1.0.so  
[1.922s] -- OpenNI found (version: 1.5.4.0, include: /usr/include/ni, lib: /usr/lib/libOpenNI.so;libusb::libusb)
[1.955s] -- OpenNI2 found (version: 2.2.0.33, include: /usr/include/openni2, lib: /usr/lib/x86_64-linux-gnu/libOpenNI2.so;libusb::libusb)
[2.069s] -- Eigen found (include: /usr/include/eigen3, version: 3.4.0)
[2.074s] -- OpenNI found (version: 1.5.4.0, include: /usr/include/ni, lib: /usr/lib/libOpenNI.so;libusb::libusb)
[2.078s] -- OpenNI2 found (version: 2.2.0.33, include: /usr/include/openni2, lib: /usr/lib/x86_64-linux-gnu/libOpenNI2.so;libusb::libusb)
[2.186s] -- Found Qhull version 8.0.2
[2.294s] -- OpenNI found (version: 1.5.4.0, include: /usr/include/ni, lib: /usr/lib/libOpenNI.so;libusb::libusb)
[2.400s] -- Found PCL_COMMON: /usr/lib/x86_64-linux-gnu/libpcl_common.so  
[2.401s] -- Found PCL_KDTREE: /usr/lib/x86_64-linux-gnu/libpcl_kdtree.so  
[2.402s] -- Found PCL_OCTREE: /usr/lib/x86_64-linux-gnu/libpcl_octree.so  
[2.402s] -- Found PCL_SEARCH: /usr/lib/x86_64-linux-gnu/libpcl_search.so  
[2.403s] -- Found PCL_SAMPLE_CONSENSUS: /usr/lib/x86_64-linux-gnu/libpcl_sample_consensus.so  
[2.404s] -- Found PCL_FILTERS: /usr/lib/x86_64-linux-gnu/libpcl_filters.so  
[2.404s] -- Found PCL_2D: /usr/include/pcl-1.12  
[2.404s] -- Found PCL_GEOMETRY: /usr/include/pcl-1.12  
[2.405s] -- Found PCL_IO: /usr/lib/x86_64-linux-gnu/libpcl_io.so  
[2.406s] -- Found PCL_FEATURES: /usr/lib/x86_64-linux-gnu/libpcl_features.so  
[2.407s] -- Found PCL_ML: /usr/lib/x86_64-linux-gnu/libpcl_ml.so  
[2.408s] -- Found PCL_SEGMENTATION: /usr/lib/x86_64-linux-gnu/libpcl_segmentation.so  
[2.409s] -- Found PCL_VISUALIZATION: /usr/lib/x86_64-linux-gnu/libpcl_visualization.so  
[2.409s] -- Found PCL_SURFACE: /usr/lib/x86_64-linux-gnu/libpcl_surface.so  
[2.410s] -- Found PCL_REGISTRATION: /usr/lib/x86_64-linux-gnu/libpcl_registration.so  
[2.411s] -- Found PCL_KEYPOINTS: /usr/lib/x86_64-linux-gnu/libpcl_keypoints.so  
[2.412s] -- Found PCL_TRACKING: /usr/lib/x86_64-linux-gnu/libpcl_tracking.so  
[2.413s] -- Found PCL_RECOGNITION: /usr/lib/x86_64-linux-gnu/libpcl_recognition.so  
[2.413s] -- Found PCL_STEREO: /usr/lib/x86_64-linux-gnu/libpcl_stereo.so  
[2.414s] -- Found PCL_APPS: /usr/lib/x86_64-linux-gnu/libpcl_apps.so  
[2.415s] -- Found PCL_IN_HAND_SCANNER: /usr/include/pcl-1.12  
[2.415s] -- Found PCL_MODELER: /usr/include/pcl-1.12  
[2.415s] -- Found PCL_POINT_CLOUD_EDITOR: /usr/include/pcl-1.12  
[2.416s] -- Found PCL_OUTOFCORE: /usr/lib/x86_64-linux-gnu/libpcl_outofcore.so  
[2.417s] -- Found PCL_PEOPLE: /usr/lib/x86_64-linux-gnu/libpcl_people.so  
[2.420s] -- Found visualization_msgs: 4.8.0 (/opt/ros/humble/share/visualization_msgs/cmake)
[2.440s] -- Found tf2_ros: 0.25.12 (/opt/ros/humble/share/tf2_ros/cmake)
[2.537s] -- Found tf2_sensor_msgs: 0.25.12 (/opt/ros/humble/share/tf2_sensor_msgs/cmake)
[2.547s] -- Found Eigen3: TRUE (found version "3.4.0") 
[2.561s] -- Found ament_lint_auto: 0.12.12 (/opt/ros/humble/share/ament_lint_auto/cmake)
[2.607s] [31mCMake Error at /opt/ros/humble/share/ament_cmake_core/cmake/core/ament_package_xml.cmake:53 (message):
[2.607s]   ament_package_xml() package name 'rosa_skeleton_extraction' in
[2.607s]   '/package.xml' does not match current PROJECT_NAME 'rosa_skel_extract'.
[2.608s]   You must call project() with the same package name before.
[2.608s] Call Stack (most recent call first):
[2.608s]   /opt/ros/humble/share/ament_lint_auto/cmake/ament_lint_auto_find_test_dependencies.cmake:31 (ament_package_xml)
[2.608s]   CMakeLists.txt:58 (ament_lint_auto_find_test_dependencies)
[2.608s] 
[2.608s] [0m
[2.608s] -- Configuring incomplete, errors occurred!
[2.608s] See also "/home/airlab/osep_path_planner/build/rosa_skeleton_extraction/CMakeFiles/CMakeOutput.log".
