[35m[1mConsolidate compiler generated dependencies of target rosa_skeleton_extraction[0m
[ 25%] [32mBuilding CXX object CMakeFiles/rosa_skeleton_extraction.dir/src/extract_tools.cpp.o[0m
[ 50%] [32m[1mLinking CXX executable rosa_skeleton_extraction[0m
[100%] Built target rosa_skeleton_extraction
-- Install configuration: ""
-- Installing: /home/airlab/osep_path_planner/install/rosa_skeleton_extraction/lib/rosa_skeleton_extraction/rosa_skeleton_extraction
-- Set runtime path of "/home/airlab/osep_path_planner/install/rosa_skeleton_extraction/lib/rosa_skeleton_extraction/rosa_skeleton_extraction" to ""
-- Installing: /home/airlab/osep_path_planner/install/rosa_skeleton_extraction/share/ament_index/resource_index/package_run_dependencies/rosa_skeleton_extraction
-- Installing: /home/airlab/osep_path_planner/install/rosa_skeleton_extraction/share/ament_index/resource_index/parent_prefix_path/rosa_skeleton_extraction
-- Installing: /home/airlab/osep_path_planner/install/rosa_skeleton_extraction/share/rosa_skeleton_extraction/environment/ament_prefix_path.sh
-- Installing: /home/airlab/osep_path_planner/install/rosa_skeleton_extraction/share/rosa_skeleton_extraction/environment/ament_prefix_path.dsv
-- Installing: /home/airlab/osep_path_planner/install/rosa_skeleton_extraction/share/rosa_skeleton_extraction/environment/path.sh
-- Installing: /home/airlab/osep_path_planner/install/rosa_skeleton_extraction/share/rosa_skeleton_extraction/environment/path.dsv
-- Installing: /home/airlab/osep_path_planner/install/rosa_skeleton_extraction/share/rosa_skeleton_extraction/local_setup.bash
-- Installing: /home/airlab/osep_path_planner/install/rosa_skeleton_extraction/share/rosa_skeleton_extraction/local_setup.sh
-- Installing: /home/airlab/osep_path_planner/install/rosa_skeleton_extraction/share/rosa_skeleton_extraction/local_setup.zsh
-- Installing: /home/airlab/osep_path_planner/install/rosa_skeleton_extraction/share/rosa_skeleton_extraction/local_setup.dsv
-- Installing: /home/airlab/osep_path_planner/install/rosa_skeleton_extraction/share/rosa_skeleton_extraction/package.dsv
-- Installing: /home/airlab/osep_path_planner/install/rosa_skeleton_extraction/share/ament_index/resource_index/packages/rosa_skeleton_extraction
-- Installing: /home/airlab/osep_path_planner/install/rosa_skeleton_extraction/share/rosa_skeleton_extraction/cmake/rosa_skeleton_extractionConfig.cmake
-- Installing: /home/airlab/osep_path_planner/install/rosa_skeleton_extraction/share/rosa_skeleton_extraction/cmake/rosa_skeleton_extractionConfig-version.cmake
-- Installing: /home/airlab/osep_path_planner/install/rosa_skeleton_extraction/share/rosa_skeleton_extraction/package.xml
