-- The C compiler identification is GNU 11.4.0
-- The CXX compiler identification is GNU 11.4.0
-- Detecting C compiler ABI info
-- Detecting C compiler ABI info - done
-- Check for working C compiler: /usr/bin/cc - skipped
-- Detecting C compile features
-- Detecting C compile features - done
-- Detecting CXX compiler ABI info
-- Detecting CXX compiler ABI info - done
-- Check for working CXX compiler: /usr/bin/c++ - skipped
-- Detecting CXX compile features
-- Detecting CXX compile features - done
-- Found ament_cmake: 1.3.11 (/opt/ros/humble/share/ament_cmake/cmake)
-- Found Python3: /usr/bin/python3 (found version "3.10.12") found components: Interpreter 
-- Found ament_lint_auto: 0.12.12 (/opt/ros/humble/share/ament_lint_auto/cmake)
-- Added test 'lint_cmake' to check CMake code style
-- Added test 'xmllint' to check XML markup files
-- Configuring done
-- Generating done
-- Build files have been written to: /home/airlab/osep_path_planner/build/viewpoint_manager
-- Install configuration: ""
-- Installing: /home/airlab/osep_path_planner/install/viewpoint_manager/share/ament_index/resource_index/package_run_dependencies/viewpoint_manager
-- Installing: /home/airlab/osep_path_planner/install/viewpoint_manager/share/ament_index/resource_index/parent_prefix_path/viewpoint_manager
-- Installing: /home/airlab/osep_path_planner/install/viewpoint_manager/share/viewpoint_manager/environment/ament_prefix_path.sh
-- Installing: /home/airlab/osep_path_planner/install/viewpoint_manager/share/viewpoint_manager/environment/ament_prefix_path.dsv
-- Installing: /home/airlab/osep_path_planner/install/viewpoint_manager/share/viewpoint_manager/environment/path.sh
-- Installing: /home/airlab/osep_path_planner/install/viewpoint_manager/share/viewpoint_manager/environment/path.dsv
-- Installing: /home/airlab/osep_path_planner/install/viewpoint_manager/share/viewpoint_manager/local_setup.bash
-- Installing: /home/airlab/osep_path_planner/install/viewpoint_manager/share/viewpoint_manager/local_setup.sh
-- Installing: /home/airlab/osep_path_planner/install/viewpoint_manager/share/viewpoint_manager/local_setup.zsh
-- Installing: /home/airlab/osep_path_planner/install/viewpoint_manager/share/viewpoint_manager/local_setup.dsv
-- Installing: /home/airlab/osep_path_planner/install/viewpoint_manager/share/viewpoint_manager/package.dsv
-- Installing: /home/airlab/osep_path_planner/install/viewpoint_manager/share/ament_index/resource_index/packages/viewpoint_manager
-- Installing: /home/airlab/osep_path_planner/install/viewpoint_manager/share/viewpoint_manager/cmake/viewpoint_managerConfig.cmake
-- Installing: /home/airlab/osep_path_planner/install/viewpoint_manager/share/viewpoint_manager/cmake/viewpoint_managerConfig-version.cmake
-- Installing: /home/airlab/osep_path_planner/install/viewpoint_manager/share/viewpoint_manager/package.xml
