[0.009s] Invoking command in '/home/airlab/osep_path_planner/build/viewpoint_manager': CMAKE_PREFIX_PATH=/opt/ros/humble /usr/bin/cmake /home/airlab/osep_path_planner/src/viewpoint_manager -DCMAKE_INSTALL_PREFIX=/home/airlab/osep_path_planner/install/viewpoint_manager
[0.085s] -- The C compiler identification is GNU 11.4.0
[0.147s] -- The CXX compiler identification is GNU 11.4.0
[0.155s] -- Detecting C compiler ABI info
[0.207s] -- Detecting C compiler ABI info - done
[0.213s] -- Check for working C compiler: /usr/bin/cc - skipped
[0.214s] -- Detecting C compile features
[0.214s] -- Detecting C compile features - done
[0.217s] -- Detecting CXX compiler ABI info
[0.275s] -- Detecting CXX compiler ABI info - done
[0.281s] -- Check for working CXX compiler: /usr/bin/c++ - skipped
[0.281s] -- Detecting CXX compile features
[0.282s] -- Detecting CXX compile features - done
[0.284s] -- Found ament_cmake: 1.3.11 (/opt/ros/humble/share/ament_cmake/cmake)
[0.587s] -- Found Python3: /usr/bin/python3 (found version "3.10.12") found components: Interpreter 
[0.661s] -- Found ament_lint_auto: 0.12.12 (/opt/ros/humble/share/ament_lint_auto/cmake)
[0.720s] -- Added test 'lint_cmake' to check CMake code style
[0.721s] -- Added test 'xmllint' to check XML markup files
[0.722s] -- Configuring done
[0.724s] -- Generating done
[0.726s] -- Build files have been written to: /home/airlab/osep_path_planner/build/viewpoint_manager
[0.729s] Invoked command in '/home/airlab/osep_path_planner/build/viewpoint_manager' returned '0': CMAKE_PREFIX_PATH=/opt/ros/humble /usr/bin/cmake /home/airlab/osep_path_planner/src/viewpoint_manager -DCMAKE_INSTALL_PREFIX=/home/airlab/osep_path_planner/install/viewpoint_manager
[0.730s] Invoking command in '/home/airlab/osep_path_planner/build/viewpoint_manager': CMAKE_PREFIX_PATH=/opt/ros/humble /usr/bin/cmake --build /home/airlab/osep_path_planner/build/viewpoint_manager -- -j8 -l8
[0.754s] Invoked command in '/home/airlab/osep_path_planner/build/viewpoint_manager' returned '0': CMAKE_PREFIX_PATH=/opt/ros/humble /usr/bin/cmake --build /home/airlab/osep_path_planner/build/viewpoint_manager -- -j8 -l8
[0.761s] Invoking command in '/home/airlab/osep_path_planner/build/viewpoint_manager': CMAKE_PREFIX_PATH=/opt/ros/humble /usr/bin/cmake --install /home/airlab/osep_path_planner/build/viewpoint_manager
[0.765s] -- Install configuration: ""
[0.766s] -- Installing: /home/airlab/osep_path_planner/install/viewpoint_manager/share/ament_index/resource_index/package_run_dependencies/viewpoint_manager
[0.766s] -- Installing: /home/airlab/osep_path_planner/install/viewpoint_manager/share/ament_index/resource_index/parent_prefix_path/viewpoint_manager
[0.766s] -- Installing: /home/airlab/osep_path_planner/install/viewpoint_manager/share/viewpoint_manager/environment/ament_prefix_path.sh
[0.766s] -- Installing: /home/airlab/osep_path_planner/install/viewpoint_manager/share/viewpoint_manager/environment/ament_prefix_path.dsv
[0.766s] -- Installing: /home/airlab/osep_path_planner/install/viewpoint_manager/share/viewpoint_manager/environment/path.sh
[0.766s] -- Installing: /home/airlab/osep_path_planner/install/viewpoint_manager/share/viewpoint_manager/environment/path.dsv
[0.766s] -- Installing: /home/airlab/osep_path_planner/install/viewpoint_manager/share/viewpoint_manager/local_setup.bash
[0.766s] -- Installing: /home/airlab/osep_path_planner/install/viewpoint_manager/share/viewpoint_manager/local_setup.sh
[0.766s] -- Installing: /home/airlab/osep_path_planner/install/viewpoint_manager/share/viewpoint_manager/local_setup.zsh
[0.766s] -- Installing: /home/airlab/osep_path_planner/install/viewpoint_manager/share/viewpoint_manager/local_setup.dsv
[0.766s] -- Installing: /home/airlab/osep_path_planner/install/viewpoint_manager/share/viewpoint_manager/package.dsv
[0.766s] -- Installing: /home/airlab/osep_path_planner/install/viewpoint_manager/share/ament_index/resource_index/packages/viewpoint_manager
[0.766s] -- Installing: /home/airlab/osep_path_planner/install/viewpoint_manager/share/viewpoint_manager/cmake/viewpoint_managerConfig.cmake
[0.767s] -- Installing: /home/airlab/osep_path_planner/install/viewpoint_manager/share/viewpoint_manager/cmake/viewpoint_managerConfig-version.cmake
[0.767s] -- Installing: /home/airlab/osep_path_planner/install/viewpoint_manager/share/viewpoint_manager/package.xml
[0.768s] Invoked command in '/home/airlab/osep_path_planner/build/viewpoint_manager' returned '0': CMAKE_PREFIX_PATH=/opt/ros/humble /usr/bin/cmake --install /home/airlab/osep_path_planner/build/viewpoint_manager
