[0.085s] DEBUG:colcon:Command line arguments: ['/usr/bin/colcon', 'build']
[0.085s] DEBUG:colcon:Parsed command line arguments: Namespace(log_base=None, log_level=None, verb_name='build', build_base='build', install_base='install', merge_install=False, symlink_install=False, test_result_base=None, continue_on_error=False, executor='parallel', parallel_workers=8, event_handlers=None, ignore_user_meta=False, metas=['./colcon.meta'], base_paths=['.'], packages_ignore=None, packages_ignore_regex=None, paths=None, packages_up_to=None, packages_up_to_regex=None, packages_above=None, packages_above_and_dependencies=None, packages_above_depth=None, packages_select_by_dep=None, packages_skip_by_dep=None, packages_skip_up_to=None, packages_select_build_failed=False, packages_skip_build_finished=False, packages_select_test_failures=False, packages_skip_test_passed=False, packages_select=None, packages_skip=None, packages_select_regex=None, packages_skip_regex=None, packages_start=None, packages_end=None, allow_overriding=[], cmake_args=None, cmake_target=None, cmake_target_skip_unavailable=False, cmake_clean_cache=False, cmake_clean_first=False, cmake_force_configure=False, ament_cmake_args=None, catkin_cmake_args=None, catkin_skip_building_tests=False, mixin_files=None, mixin=None, verb_parser=<colcon_mixin.mixin.mixin_argument.MixinArgumentDecorator object at 0x78ba04b441f0>, verb_extension=<colcon_core.verb.build.BuildVerb object at 0x78ba04b0fc10>, main=<bound method BuildVerb.main of <colcon_core.verb.build.BuildVerb object at 0x78ba04b0fc10>>, mixin_verb=('build',))
[0.115s] Level 1:colcon.colcon_core.package_discovery:discover_packages(colcon_meta) check parameters
[0.115s] Level 1:colcon.colcon_core.package_discovery:discover_packages(recursive) check parameters
[0.115s] Level 1:colcon.colcon_core.package_discovery:discover_packages(ignore) check parameters
[0.115s] Level 1:colcon.colcon_core.package_discovery:discover_packages(path) check parameters
[0.115s] Level 1:colcon.colcon_core.package_discovery:discover_packages(colcon_meta) discover
[0.115s] Level 1:colcon.colcon_core.package_discovery:discover_packages(recursive) discover
[0.115s] INFO:colcon.colcon_core.package_discovery:Crawling recursively for packages in '/home/airlab/osep_path_planner'
[0.115s] Level 1:colcon.colcon_core.package_identification:_identify(.) by extensions ['ignore', 'ignore_ament_install']
[0.115s] Level 1:colcon.colcon_core.package_identification:_identify(.) by extension 'ignore'
[0.115s] Level 1:colcon.colcon_core.package_identification:_identify(.) by extension 'ignore_ament_install'
[0.115s] Level 1:colcon.colcon_core.package_identification:_identify(.) by extensions ['colcon_pkg']
[0.115s] Level 1:colcon.colcon_core.package_identification:_identify(.) by extension 'colcon_pkg'
[0.115s] Level 1:colcon.colcon_core.package_identification:_identify(.) by extensions ['colcon_meta']
[0.115s] Level 1:colcon.colcon_core.package_identification:_identify(.) by extension 'colcon_meta'
[0.115s] Level 1:colcon.colcon_core.package_identification:_identify(.) by extensions ['ros']
[0.115s] Level 1:colcon.colcon_core.package_identification:_identify(.) by extension 'ros'
[0.127s] Level 1:colcon.colcon_core.package_identification:_identify(.) by extensions ['cmake', 'python']
[0.127s] Level 1:colcon.colcon_core.package_identification:_identify(.) by extension 'cmake'
[0.127s] Level 1:colcon.colcon_core.package_identification:_identify(.) by extension 'python'
[0.127s] Level 1:colcon.colcon_core.package_identification:_identify(.) by extensions ['python_setup_py']
[0.127s] Level 1:colcon.colcon_core.package_identification:_identify(.) by extension 'python_setup_py'
[0.127s] Level 1:colcon.colcon_core.package_identification:_identify(build) by extensions ['ignore', 'ignore_ament_install']
[0.127s] Level 1:colcon.colcon_core.package_identification:_identify(build) by extension 'ignore'
[0.127s] Level 1:colcon.colcon_core.package_identification:_identify(build) ignored
[0.127s] Level 1:colcon.colcon_core.package_identification:_identify(install) by extensions ['ignore', 'ignore_ament_install']
[0.127s] Level 1:colcon.colcon_core.package_identification:_identify(install) by extension 'ignore'
[0.127s] Level 1:colcon.colcon_core.package_identification:_identify(install) ignored
[0.127s] Level 1:colcon.colcon_core.package_identification:_identify(log) by extensions ['ignore', 'ignore_ament_install']
[0.127s] Level 1:colcon.colcon_core.package_identification:_identify(log) by extension 'ignore'
[0.127s] Level 1:colcon.colcon_core.package_identification:_identify(log) ignored
[0.127s] Level 1:colcon.colcon_core.package_identification:_identify(src) by extensions ['ignore', 'ignore_ament_install']
[0.128s] Level 1:colcon.colcon_core.package_identification:_identify(src) by extension 'ignore'
[0.128s] Level 1:colcon.colcon_core.package_identification:_identify(src) by extension 'ignore_ament_install'
[0.128s] Level 1:colcon.colcon_core.package_identification:_identify(src) by extensions ['colcon_pkg']
[0.128s] Level 1:colcon.colcon_core.package_identification:_identify(src) by extension 'colcon_pkg'
[0.128s] Level 1:colcon.colcon_core.package_identification:_identify(src) by extensions ['colcon_meta']
[0.128s] Level 1:colcon.colcon_core.package_identification:_identify(src) by extension 'colcon_meta'
[0.128s] Level 1:colcon.colcon_core.package_identification:_identify(src) by extensions ['ros']
[0.128s] Level 1:colcon.colcon_core.package_identification:_identify(src) by extension 'ros'
[0.128s] Level 1:colcon.colcon_core.package_identification:_identify(src) by extensions ['cmake', 'python']
[0.128s] Level 1:colcon.colcon_core.package_identification:_identify(src) by extension 'cmake'
[0.128s] Level 1:colcon.colcon_core.package_identification:_identify(src) by extension 'python'
[0.128s] Level 1:colcon.colcon_core.package_identification:_identify(src) by extensions ['python_setup_py']
[0.128s] Level 1:colcon.colcon_core.package_identification:_identify(src) by extension 'python_setup_py'
[0.128s] Level 1:colcon.colcon_core.package_identification:_identify(src/path_planning) by extensions ['ignore', 'ignore_ament_install']
[0.128s] Level 1:colcon.colcon_core.package_identification:_identify(src/path_planning) by extension 'ignore'
[0.128s] Level 1:colcon.colcon_core.package_identification:_identify(src/path_planning) by extension 'ignore_ament_install'
[0.128s] Level 1:colcon.colcon_core.package_identification:_identify(src/path_planning) by extensions ['colcon_pkg']
[0.128s] Level 1:colcon.colcon_core.package_identification:_identify(src/path_planning) by extension 'colcon_pkg'
[0.128s] Level 1:colcon.colcon_core.package_identification:_identify(src/path_planning) by extensions ['colcon_meta']
[0.128s] Level 1:colcon.colcon_core.package_identification:_identify(src/path_planning) by extension 'colcon_meta'
[0.128s] Level 1:colcon.colcon_core.package_identification:_identify(src/path_planning) by extensions ['ros']
[0.128s] Level 1:colcon.colcon_core.package_identification:_identify(src/path_planning) by extension 'ros'
[0.130s] DEBUG:colcon.colcon_core.package_identification:Package 'src/path_planning' with type 'ros.ament_cmake' and name 'path_planning'
[0.130s] Level 1:colcon.colcon_core.package_identification:_identify(src/rosa_skeleton_extraction) by extensions ['ignore', 'ignore_ament_install']
[0.130s] Level 1:colcon.colcon_core.package_identification:_identify(src/rosa_skeleton_extraction) by extension 'ignore'
[0.130s] Level 1:colcon.colcon_core.package_identification:_identify(src/rosa_skeleton_extraction) by extension 'ignore_ament_install'
[0.130s] Level 1:colcon.colcon_core.package_identification:_identify(src/rosa_skeleton_extraction) by extensions ['colcon_pkg']
[0.130s] Level 1:colcon.colcon_core.package_identification:_identify(src/rosa_skeleton_extraction) by extension 'colcon_pkg'
[0.130s] Level 1:colcon.colcon_core.package_identification:_identify(src/rosa_skeleton_extraction) by extensions ['colcon_meta']
[0.130s] Level 1:colcon.colcon_core.package_identification:_identify(src/rosa_skeleton_extraction) by extension 'colcon_meta'
[0.130s] Level 1:colcon.colcon_core.package_identification:_identify(src/rosa_skeleton_extraction) by extensions ['ros']
[0.130s] Level 1:colcon.colcon_core.package_identification:_identify(src/rosa_skeleton_extraction) by extension 'ros'
[0.131s] DEBUG:colcon.colcon_core.package_identification:Package 'src/rosa_skeleton_extraction' with type 'ros.ament_cmake' and name 'rosa_skeleton_extraction'
[0.131s] Level 1:colcon.colcon_core.package_identification:_identify(src/viewpoint_manager) by extensions ['ignore', 'ignore_ament_install']
[0.131s] Level 1:colcon.colcon_core.package_identification:_identify(src/viewpoint_manager) by extension 'ignore'
[0.131s] Level 1:colcon.colcon_core.package_identification:_identify(src/viewpoint_manager) by extension 'ignore_ament_install'
[0.131s] Level 1:colcon.colcon_core.package_identification:_identify(src/viewpoint_manager) by extensions ['colcon_pkg']
[0.131s] Level 1:colcon.colcon_core.package_identification:_identify(src/viewpoint_manager) by extension 'colcon_pkg'
[0.131s] Level 1:colcon.colcon_core.package_identification:_identify(src/viewpoint_manager) by extensions ['colcon_meta']
[0.131s] Level 1:colcon.colcon_core.package_identification:_identify(src/viewpoint_manager) by extension 'colcon_meta'
[0.131s] Level 1:colcon.colcon_core.package_identification:_identify(src/viewpoint_manager) by extensions ['ros']
[0.131s] Level 1:colcon.colcon_core.package_identification:_identify(src/viewpoint_manager) by extension 'ros'
[0.132s] DEBUG:colcon.colcon_core.package_identification:Package 'src/viewpoint_manager' with type 'ros.ament_cmake' and name 'viewpoint_manager'
[0.132s] Level 1:colcon.colcon_core.package_discovery:discover_packages(recursive) using defaults
[0.132s] Level 1:colcon.colcon_core.package_discovery:discover_packages(ignore) discover
[0.132s] Level 1:colcon.colcon_core.package_discovery:discover_packages(ignore) using defaults
[0.132s] Level 1:colcon.colcon_core.package_discovery:discover_packages(path) discover
[0.132s] Level 1:colcon.colcon_core.package_discovery:discover_packages(path) using defaults
[0.147s] Level 1:colcon.colcon_core.package_discovery:discover_packages(prefix_path) check parameters
[0.147s] Level 1:colcon.colcon_core.package_discovery:discover_packages(prefix_path) discover
[0.148s] DEBUG:colcon.colcon_installed_package_information.package_discovery:Found 272 installed packages in /opt/ros/humble
[0.149s] Level 1:colcon.colcon_core.package_discovery:discover_packages(prefix_path) using defaults
[0.177s] Level 5:colcon.colcon_core.verb:set package 'path_planning' build argument 'cmake_args' from command line to 'None'
[0.177s] Level 5:colcon.colcon_core.verb:set package 'path_planning' build argument 'cmake_target' from command line to 'None'
[0.177s] Level 5:colcon.colcon_core.verb:set package 'path_planning' build argument 'cmake_target_skip_unavailable' from command line to 'False'
[0.177s] Level 5:colcon.colcon_core.verb:set package 'path_planning' build argument 'cmake_clean_cache' from command line to 'False'
[0.177s] Level 5:colcon.colcon_core.verb:set package 'path_planning' build argument 'cmake_clean_first' from command line to 'False'
[0.177s] Level 5:colcon.colcon_core.verb:set package 'path_planning' build argument 'cmake_force_configure' from command line to 'False'
[0.177s] Level 5:colcon.colcon_core.verb:set package 'path_planning' build argument 'ament_cmake_args' from command line to 'None'
[0.177s] Level 5:colcon.colcon_core.verb:set package 'path_planning' build argument 'catkin_cmake_args' from command line to 'None'
[0.177s] Level 5:colcon.colcon_core.verb:set package 'path_planning' build argument 'catkin_skip_building_tests' from command line to 'False'
[0.177s] DEBUG:colcon.colcon_core.verb:Building package 'path_planning' with the following arguments: {'ament_cmake_args': None, 'build_base': '/home/airlab/osep_path_planner/build/path_planning', 'catkin_cmake_args': None, 'catkin_skip_building_tests': False, 'cmake_args': None, 'cmake_clean_cache': False, 'cmake_clean_first': False, 'cmake_force_configure': False, 'cmake_target': None, 'cmake_target_skip_unavailable': False, 'install_base': '/home/airlab/osep_path_planner/install/path_planning', 'merge_install': False, 'path': '/home/airlab/osep_path_planner/src/path_planning', 'symlink_install': False, 'test_result_base': None}
[0.178s] Level 5:colcon.colcon_core.verb:set package 'rosa_skeleton_extraction' build argument 'cmake_args' from command line to 'None'
[0.178s] Level 5:colcon.colcon_core.verb:set package 'rosa_skeleton_extraction' build argument 'cmake_target' from command line to 'None'
[0.178s] Level 5:colcon.colcon_core.verb:set package 'rosa_skeleton_extraction' build argument 'cmake_target_skip_unavailable' from command line to 'False'
[0.178s] Level 5:colcon.colcon_core.verb:set package 'rosa_skeleton_extraction' build argument 'cmake_clean_cache' from command line to 'False'
[0.178s] Level 5:colcon.colcon_core.verb:set package 'rosa_skeleton_extraction' build argument 'cmake_clean_first' from command line to 'False'
[0.178s] Level 5:colcon.colcon_core.verb:set package 'rosa_skeleton_extraction' build argument 'cmake_force_configure' from command line to 'False'
[0.178s] Level 5:colcon.colcon_core.verb:set package 'rosa_skeleton_extraction' build argument 'ament_cmake_args' from command line to 'None'
[0.178s] Level 5:colcon.colcon_core.verb:set package 'rosa_skeleton_extraction' build argument 'catkin_cmake_args' from command line to 'None'
[0.178s] Level 5:colcon.colcon_core.verb:set package 'rosa_skeleton_extraction' build argument 'catkin_skip_building_tests' from command line to 'False'
[0.178s] DEBUG:colcon.colcon_core.verb:Building package 'rosa_skeleton_extraction' with the following arguments: {'ament_cmake_args': None, 'build_base': '/home/airlab/osep_path_planner/build/rosa_skeleton_extraction', 'catkin_cmake_args': None, 'catkin_skip_building_tests': False, 'cmake_args': None, 'cmake_clean_cache': False, 'cmake_clean_first': False, 'cmake_force_configure': False, 'cmake_target': None, 'cmake_target_skip_unavailable': False, 'install_base': '/home/airlab/osep_path_planner/install/rosa_skeleton_extraction', 'merge_install': False, 'path': '/home/airlab/osep_path_planner/src/rosa_skeleton_extraction', 'symlink_install': False, 'test_result_base': None}
[0.178s] Level 5:colcon.colcon_core.verb:set package 'viewpoint_manager' build argument 'cmake_args' from command line to 'None'
[0.178s] Level 5:colcon.colcon_core.verb:set package 'viewpoint_manager' build argument 'cmake_target' from command line to 'None'
[0.178s] Level 5:colcon.colcon_core.verb:set package 'viewpoint_manager' build argument 'cmake_target_skip_unavailable' from command line to 'False'
[0.178s] Level 5:colcon.colcon_core.verb:set package 'viewpoint_manager' build argument 'cmake_clean_cache' from command line to 'False'
[0.178s] Level 5:colcon.colcon_core.verb:set package 'viewpoint_manager' build argument 'cmake_clean_first' from command line to 'False'
[0.178s] Level 5:colcon.colcon_core.verb:set package 'viewpoint_manager' build argument 'cmake_force_configure' from command line to 'False'
[0.178s] Level 5:colcon.colcon_core.verb:set package 'viewpoint_manager' build argument 'ament_cmake_args' from command line to 'None'
[0.178s] Level 5:colcon.colcon_core.verb:set package 'viewpoint_manager' build argument 'catkin_cmake_args' from command line to 'None'
[0.178s] Level 5:colcon.colcon_core.verb:set package 'viewpoint_manager' build argument 'catkin_skip_building_tests' from command line to 'False'
[0.178s] DEBUG:colcon.colcon_core.verb:Building package 'viewpoint_manager' with the following arguments: {'ament_cmake_args': None, 'build_base': '/home/airlab/osep_path_planner/build/viewpoint_manager', 'catkin_cmake_args': None, 'catkin_skip_building_tests': False, 'cmake_args': None, 'cmake_clean_cache': False, 'cmake_clean_first': False, 'cmake_force_configure': False, 'cmake_target': None, 'cmake_target_skip_unavailable': False, 'install_base': '/home/airlab/osep_path_planner/install/viewpoint_manager', 'merge_install': False, 'path': '/home/airlab/osep_path_planner/src/viewpoint_manager', 'symlink_install': False, 'test_result_base': None}
[0.178s] INFO:colcon.colcon_core.executor:Executing jobs using 'parallel' executor
[0.179s] DEBUG:colcon.colcon_parallel_executor.executor.parallel:run_until_complete
[0.179s] INFO:colcon.colcon_ros.task.ament_cmake.build:Building ROS package in '/home/airlab/osep_path_planner/src/path_planning' with build type 'ament_cmake'
[0.179s] INFO:colcon.colcon_cmake.task.cmake.build:Building CMake package in '/home/airlab/osep_path_planner/src/path_planning'
[0.181s] INFO:colcon.colcon_core.plugin_system:Skipping extension 'colcon_core.shell.bat': Not used on non-Windows systems
[0.181s] INFO:colcon.colcon_core.shell:Skip shell extension 'powershell' for command environment: Not usable outside of PowerShell
[0.181s] DEBUG:colcon.colcon_core.shell:Skip shell extension 'dsv' for command environment
[0.183s] INFO:colcon.colcon_ros.task.ament_cmake.build:Building ROS package in '/home/airlab/osep_path_planner/src/rosa_skeleton_extraction' with build type 'ament_cmake'
[0.183s] INFO:colcon.colcon_cmake.task.cmake.build:Building CMake package in '/home/airlab/osep_path_planner/src/rosa_skeleton_extraction'
[0.183s] INFO:colcon.colcon_core.shell:Skip shell extension 'powershell' for command environment: Not usable outside of PowerShell
[0.183s] DEBUG:colcon.colcon_core.shell:Skip shell extension 'dsv' for command environment
[0.185s] INFO:colcon.colcon_ros.task.ament_cmake.build:Building ROS package in '/home/airlab/osep_path_planner/src/viewpoint_manager' with build type 'ament_cmake'
[0.185s] INFO:colcon.colcon_cmake.task.cmake.build:Building CMake package in '/home/airlab/osep_path_planner/src/viewpoint_manager'
[0.185s] INFO:colcon.colcon_core.shell:Skip shell extension 'powershell' for command environment: Not usable outside of PowerShell
[0.185s] DEBUG:colcon.colcon_core.shell:Skip shell extension 'dsv' for command environment
[0.191s] DEBUG:colcon.colcon_core.event_handler.log_command:Invoking command in '/home/airlab/osep_path_planner/build/path_planning': CMAKE_PREFIX_PATH=/opt/ros/humble /usr/bin/cmake --build /home/airlab/osep_path_planner/build/path_planning -- -j8 -l8
[0.194s] DEBUG:colcon.colcon_core.event_handler.log_command:Invoking command in '/home/airlab/osep_path_planner/build/rosa_skeleton_extraction': CMAKE_PREFIX_PATH=/opt/ros/humble /usr/bin/cmake --build /home/airlab/osep_path_planner/build/rosa_skeleton_extraction -- -j8 -l8
[0.196s] DEBUG:colcon.colcon_core.event_handler.log_command:Invoking command in '/home/airlab/osep_path_planner/build/viewpoint_manager': CMAKE_PREFIX_PATH=/opt/ros/humble /usr/bin/cmake --build /home/airlab/osep_path_planner/build/viewpoint_manager -- -j8 -l8
[0.221s] DEBUG:colcon.colcon_core.event_handler.log_command:Invoked command in '/home/airlab/osep_path_planner/build/viewpoint_manager' returned '0': CMAKE_PREFIX_PATH=/opt/ros/humble /usr/bin/cmake --build /home/airlab/osep_path_planner/build/viewpoint_manager -- -j8 -l8
[0.229s] DEBUG:colcon.colcon_core.event_handler.log_command:Invoking command in '/home/airlab/osep_path_planner/build/viewpoint_manager': CMAKE_PREFIX_PATH=/opt/ros/humble /usr/bin/cmake --install /home/airlab/osep_path_planner/build/viewpoint_manager
[0.236s] Level 1:colcon.colcon_core.environment:create_environment_scripts_only(viewpoint_manager)
[0.238s] DEBUG:colcon.colcon_core.event_handler.log_command:Invoked command in '/home/airlab/osep_path_planner/build/viewpoint_manager' returned '0': CMAKE_PREFIX_PATH=/opt/ros/humble /usr/bin/cmake --install /home/airlab/osep_path_planner/build/viewpoint_manager
[0.240s] Level 1:colcon.colcon_core.environment:checking '/home/airlab/osep_path_planner/install/viewpoint_manager' for CMake module files
[0.240s] Level 1:colcon.colcon_core.environment:checking '/home/airlab/osep_path_planner/install/viewpoint_manager' for CMake config files
[0.240s] Level 1:colcon.colcon_core.shell:create_environment_hook('viewpoint_manager', 'cmake_prefix_path')
[0.241s] INFO:colcon.colcon_core.shell:Creating environment hook '/home/airlab/osep_path_planner/install/viewpoint_manager/share/viewpoint_manager/hook/cmake_prefix_path.ps1'
[0.241s] INFO:colcon.colcon_core.shell:Creating environment descriptor '/home/airlab/osep_path_planner/install/viewpoint_manager/share/viewpoint_manager/hook/cmake_prefix_path.dsv'
[0.241s] INFO:colcon.colcon_core.shell:Creating environment hook '/home/airlab/osep_path_planner/install/viewpoint_manager/share/viewpoint_manager/hook/cmake_prefix_path.sh'
[0.242s] Level 1:colcon.colcon_core.environment:checking '/home/airlab/osep_path_planner/install/viewpoint_manager/bin'
[0.242s] Level 1:colcon.colcon_core.environment:checking '/home/airlab/osep_path_planner/install/viewpoint_manager/lib/pkgconfig/viewpoint_manager.pc'
[0.242s] Level 1:colcon.colcon_core.environment:checking '/home/airlab/osep_path_planner/install/viewpoint_manager/lib/python3.10/site-packages'
[0.243s] Level 1:colcon.colcon_core.environment:checking '/home/airlab/osep_path_planner/install/viewpoint_manager/bin'
[0.243s] INFO:colcon.colcon_core.shell:Creating package script '/home/airlab/osep_path_planner/install/viewpoint_manager/share/viewpoint_manager/package.ps1'
[0.243s] INFO:colcon.colcon_core.shell:Creating package descriptor '/home/airlab/osep_path_planner/install/viewpoint_manager/share/viewpoint_manager/package.dsv'
[0.244s] INFO:colcon.colcon_core.shell:Creating package script '/home/airlab/osep_path_planner/install/viewpoint_manager/share/viewpoint_manager/package.sh'
[0.244s] INFO:colcon.colcon_core.shell:Creating package script '/home/airlab/osep_path_planner/install/viewpoint_manager/share/viewpoint_manager/package.bash'
[0.245s] INFO:colcon.colcon_core.shell:Creating package script '/home/airlab/osep_path_planner/install/viewpoint_manager/share/viewpoint_manager/package.zsh'
[0.245s] Level 1:colcon.colcon_core.environment:create_file_with_runtime_dependencies(/home/airlab/osep_path_planner/install/viewpoint_manager/share/colcon-core/packages/viewpoint_manager)
[0.246s] Level 1:colcon.colcon_core.environment:create_environment_scripts_only(viewpoint_manager)
[0.246s] Level 1:colcon.colcon_core.environment:checking '/home/airlab/osep_path_planner/install/viewpoint_manager' for CMake module files
[0.246s] Level 1:colcon.colcon_core.environment:checking '/home/airlab/osep_path_planner/install/viewpoint_manager' for CMake config files
[0.246s] Level 1:colcon.colcon_core.shell:create_environment_hook('viewpoint_manager', 'cmake_prefix_path')
[0.246s] INFO:colcon.colcon_core.shell:Creating environment hook '/home/airlab/osep_path_planner/install/viewpoint_manager/share/viewpoint_manager/hook/cmake_prefix_path.ps1'
[0.247s] INFO:colcon.colcon_core.shell:Creating environment descriptor '/home/airlab/osep_path_planner/install/viewpoint_manager/share/viewpoint_manager/hook/cmake_prefix_path.dsv'
[0.247s] INFO:colcon.colcon_core.shell:Creating environment hook '/home/airlab/osep_path_planner/install/viewpoint_manager/share/viewpoint_manager/hook/cmake_prefix_path.sh'
[0.247s] Level 1:colcon.colcon_core.environment:checking '/home/airlab/osep_path_planner/install/viewpoint_manager/bin'
[0.247s] Level 1:colcon.colcon_core.environment:checking '/home/airlab/osep_path_planner/install/viewpoint_manager/lib/pkgconfig/viewpoint_manager.pc'
[0.248s] Level 1:colcon.colcon_core.environment:checking '/home/airlab/osep_path_planner/install/viewpoint_manager/lib/python3.10/site-packages'
[0.248s] Level 1:colcon.colcon_core.environment:checking '/home/airlab/osep_path_planner/install/viewpoint_manager/bin'
[0.248s] INFO:colcon.colcon_core.shell:Creating package script '/home/airlab/osep_path_planner/install/viewpoint_manager/share/viewpoint_manager/package.ps1'
[0.248s] INFO:colcon.colcon_core.shell:Creating package descriptor '/home/airlab/osep_path_planner/install/viewpoint_manager/share/viewpoint_manager/package.dsv'
[0.249s] INFO:colcon.colcon_core.shell:Creating package script '/home/airlab/osep_path_planner/install/viewpoint_manager/share/viewpoint_manager/package.sh'
[0.249s] INFO:colcon.colcon_core.shell:Creating package script '/home/airlab/osep_path_planner/install/viewpoint_manager/share/viewpoint_manager/package.bash'
[0.249s] INFO:colcon.colcon_core.shell:Creating package script '/home/airlab/osep_path_planner/install/viewpoint_manager/share/viewpoint_manager/package.zsh'
[0.249s] Level 1:colcon.colcon_core.environment:create_file_with_runtime_dependencies(/home/airlab/osep_path_planner/install/viewpoint_manager/share/colcon-core/packages/viewpoint_manager)
[0.250s] Level 1:colcon.colcon_core.environment:create_environment_scripts_only(path_planning)
[0.250s] Level 1:colcon.colcon_core.environment:checking '/home/airlab/osep_path_planner/install/path_planning' for CMake module files
[0.251s] Level 1:colcon.colcon_core.environment:checking '/home/airlab/osep_path_planner/install/path_planning' for CMake config files
[0.251s] DEBUG:colcon.colcon_core.event_handler.log_command:Invoked command in '/home/airlab/osep_path_planner/build/path_planning' returned '2': CMAKE_PREFIX_PATH=/opt/ros/humble /usr/bin/cmake --build /home/airlab/osep_path_planner/build/path_planning -- -j8 -l8
[0.251s] Level 1:colcon.colcon_core.environment:checking '/home/airlab/osep_path_planner/install/path_planning/bin'
[0.251s] Level 1:colcon.colcon_core.environment:checking '/home/airlab/osep_path_planner/install/path_planning/lib/pkgconfig/path_planning.pc'
[0.251s] Level 1:colcon.colcon_core.environment:checking '/home/airlab/osep_path_planner/install/path_planning/lib/python3.10/site-packages'
[0.252s] Level 1:colcon.colcon_core.environment:checking '/home/airlab/osep_path_planner/install/path_planning/bin'
[0.252s] INFO:colcon.colcon_core.shell:Creating package script '/home/airlab/osep_path_planner/install/path_planning/share/path_planning/package.ps1'
[0.252s] INFO:colcon.colcon_core.shell:Creating package descriptor '/home/airlab/osep_path_planner/install/path_planning/share/path_planning/package.dsv'
[0.252s] INFO:colcon.colcon_core.shell:Creating package script '/home/airlab/osep_path_planner/install/path_planning/share/path_planning/package.sh'
[0.253s] INFO:colcon.colcon_core.shell:Creating package script '/home/airlab/osep_path_planner/install/path_planning/share/path_planning/package.bash'
[0.253s] INFO:colcon.colcon_core.shell:Creating package script '/home/airlab/osep_path_planner/install/path_planning/share/path_planning/package.zsh'
[0.253s] Level 1:colcon.colcon_core.environment:create_file_with_runtime_dependencies(/home/airlab/osep_path_planner/install/path_planning/share/colcon-core/packages/path_planning)
[0.264s] DEBUG:colcon.colcon_parallel_executor.executor.parallel:closing loop
[0.264s] DEBUG:colcon.colcon_parallel_executor.executor.parallel:loop closed
[0.264s] DEBUG:colcon.colcon_parallel_executor.executor.parallel:run_until_complete finished with '2'
[0.264s] DEBUG:colcon.colcon_core.event_reactor:joining thread
[0.268s] INFO:colcon.colcon_core.plugin_system:Skipping extension 'colcon_notification.desktop_notification.terminal_notifier': Not used on non-Darwin systems
[0.268s] INFO:colcon.colcon_core.plugin_system:Skipping extension 'colcon_notification.desktop_notification.win32': Not used on non-Windows systems
[0.268s] INFO:colcon.colcon_notification.desktop_notification:Sending desktop notification using 'notify2'
[0.273s] DEBUG:colcon.colcon_core.event_reactor:joined thread
[0.273s] INFO:colcon.colcon_core.shell:Creating prefix script '/home/airlab/osep_path_planner/install/local_setup.ps1'
[0.274s] INFO:colcon.colcon_core.shell:Creating prefix util module '/home/airlab/osep_path_planner/install/_local_setup_util_ps1.py'
[0.275s] INFO:colcon.colcon_core.shell:Creating prefix chain script '/home/airlab/osep_path_planner/install/setup.ps1'
[0.276s] INFO:colcon.colcon_core.shell:Creating prefix script '/home/airlab/osep_path_planner/install/local_setup.sh'
[0.276s] INFO:colcon.colcon_core.shell:Creating prefix util module '/home/airlab/osep_path_planner/install/_local_setup_util_sh.py'
[0.277s] INFO:colcon.colcon_core.shell:Creating prefix chain script '/home/airlab/osep_path_planner/install/setup.sh'
[0.277s] INFO:colcon.colcon_core.shell:Creating prefix script '/home/airlab/osep_path_planner/install/local_setup.bash'
[0.278s] INFO:colcon.colcon_core.shell:Creating prefix chain script '/home/airlab/osep_path_planner/install/setup.bash'
[0.278s] INFO:colcon.colcon_core.shell:Creating prefix script '/home/airlab/osep_path_planner/install/local_setup.zsh'
[0.279s] INFO:colcon.colcon_core.shell:Creating prefix chain script '/home/airlab/osep_path_planner/install/setup.zsh'
