[ 33%] [32mBuilding CXX object CMakeFiles/path_planning.dir/src/planner_main.cpp.o[0m
[ 66%] [32mBuilding CXX object CMakeFiles/path_planning.dir/src/planner_node.cpp.o[0m
[100%] [32m[1mLinking CXX executable path_planning[0m
[100%] Built target path_planning
-- Install configuration: ""
-- Installing: /home/airlab/osep_path_planner/install/path_planning/lib/path_planning/path_planning
-- Set runtime path of "/home/airlab/osep_path_planner/install/path_planning/lib/path_planning/path_planning" to ""
-- Installing: /home/airlab/osep_path_planner/install/path_planning/share/ament_index/resource_index/package_run_dependencies/path_planning
-- Installing: /home/airlab/osep_path_planner/install/path_planning/share/ament_index/resource_index/parent_prefix_path/path_planning
-- Installing: /home/airlab/osep_path_planner/install/path_planning/share/path_planning/environment/ament_prefix_path.sh
-- Installing: /home/airlab/osep_path_planner/install/path_planning/share/path_planning/environment/ament_prefix_path.dsv
-- Installing: /home/airlab/osep_path_planner/install/path_planning/share/path_planning/environment/path.sh
-- Installing: /home/airlab/osep_path_planner/install/path_planning/share/path_planning/environment/path.dsv
-- Installing: /home/airlab/osep_path_planner/install/path_planning/share/path_planning/local_setup.bash
-- Installing: /home/airlab/osep_path_planner/install/path_planning/share/path_planning/local_setup.sh
-- Installing: /home/airlab/osep_path_planner/install/path_planning/share/path_planning/local_setup.zsh
-- Installing: /home/airlab/osep_path_planner/install/path_planning/share/path_planning/local_setup.dsv
-- Installing: /home/airlab/osep_path_planner/install/path_planning/share/path_planning/package.dsv
-- Installing: /home/airlab/osep_path_planner/install/path_planning/share/ament_index/resource_index/packages/path_planning
-- Installing: /home/airlab/osep_path_planner/install/path_planning/share/path_planning/cmake/path_planningConfig.cmake
-- Installing: /home/airlab/osep_path_planner/install/path_planning/share/path_planning/cmake/path_planningConfig-version.cmake
-- Installing: /home/airlab/osep_path_planner/install/path_planning/share/path_planning/package.xml
