[0.011s] Invoking command in '/home/airlab/osep_path_planner/build/path_planning': CMAKE_PREFIX_PATH=/opt/ros/humble /usr/bin/cmake /home/airlab/osep_path_planner/src/path_planning -DCMAKE_INSTALL_PREFIX=/home/airlab/osep_path_planner/install/path_planning
[0.021s] -- Found ament_cmake: 1.3.11 (/opt/ros/humble/share/ament_cmake/cmake)
[0.116s] -- Found rclcpp: 16.0.12 (/opt/ros/humble/share/rclcpp/cmake)
[0.138s] -- Found rosidl_generator_c: 3.1.6 (/opt/ros/humble/share/rosidl_generator_c/cmake)
[0.139s] -- Found rosidl_adapter: 3.1.6 (/opt/ros/humble/share/rosidl_adapter/cmake)
[0.144s] -- Found rosidl_generator_cpp: 3.1.6 (/opt/ros/humble/share/rosidl_generator_cpp/cmake)
[0.151s] -- Using all available rosidl_typesupport_c: rosidl_typesupport_fastrtps_c;rosidl_typesupport_introspection_c
[0.160s] -- Using all available rosidl_typesupport_cpp: rosidl_typesupport_fastrtps_cpp;rosidl_typesupport_introspection_cpp
[0.184s] -- Found rmw_implementation_cmake: 6.1.2 (/opt/ros/humble/share/rmw_implementation_cmake/cmake)
[0.185s] -- Found rmw_fastrtps_cpp: 6.2.7 (/opt/ros/humble/share/rmw_fastrtps_cpp/cmake)
[0.260s] -- Using RMW implementation 'rmw_fastrtps_cpp' as default
[0.298s] -- Found pcl_conversions: 2.4.5 (/opt/ros/humble/share/pcl_conversions/cmake)
[0.348s] -- Eigen found (include: /usr/include/eigen3, version: 3.4.0)
[0.371s] -- FLANN found (include: /usr/include, lib: /usr/lib/x86_64-linux-gnu/libflann_cpp.so)
[0.584s] -- OpenNI found (version: 1.5.4.0, include: /usr/include/ni, lib: /usr/lib/libOpenNI.so;libusb::libusb)
[0.588s] -- OpenNI2 found (version: 2.2.0.33, include: /usr/include/openni2, lib: /usr/lib/x86_64-linux-gnu/libOpenNI2.so;libusb::libusb)
[0.700s] -- Eigen found (include: /usr/include/eigen3, version: 3.4.0)
[0.704s] -- OpenNI found (version: 1.5.4.0, include: /usr/include/ni, lib: /usr/lib/libOpenNI.so;libusb::libusb)
[0.709s] -- OpenNI2 found (version: 2.2.0.33, include: /usr/include/openni2, lib: /usr/lib/x86_64-linux-gnu/libOpenNI2.so;libusb::libusb)
[0.814s] -- Found Qhull version 8.0.2
[0.923s] -- OpenNI found (version: 1.5.4.0, include: /usr/include/ni, lib: /usr/lib/libOpenNI.so;libusb::libusb)
[1.041s] -- Found visualization_msgs: 4.8.0 (/opt/ros/humble/share/visualization_msgs/cmake)
[1.057s] -- Found nav_msgs: 4.8.0 (/opt/ros/humble/share/nav_msgs/cmake)
[1.081s] -- Found ament_lint_auto: 0.12.12 (/opt/ros/humble/share/ament_lint_auto/cmake)
[1.136s] -- Added test 'cppcheck' to perform static code analysis on C / C++ code
[1.137s] -- Configured cppcheck include dirs: $<BUILD_INTERFACE:/home/airlab/osep_path_planner/src/path_planning/include>
[1.137s] -- Configured cppcheck exclude dirs and/or files: 
[1.137s] -- Added test 'lint_cmake' to check CMake code style
[1.138s] -- Added test 'uncrustify' to check C / C++ code style
[1.138s] -- Configured uncrustify additional arguments: 
[1.138s] -- Added test 'xmllint' to check XML markup files
[1.139s] -- Configuring done
[1.198s] -- Generating done
[1.205s] -- Build files have been written to: /home/airlab/osep_path_planner/build/path_planning
[1.215s] Invoked command in '/home/airlab/osep_path_planner/build/path_planning' returned '0': CMAKE_PREFIX_PATH=/opt/ros/humble /usr/bin/cmake /home/airlab/osep_path_planner/src/path_planning -DCMAKE_INSTALL_PREFIX=/home/airlab/osep_path_planner/install/path_planning
[1.216s] Invoking command in '/home/airlab/osep_path_planner/build/path_planning': CMAKE_PREFIX_PATH=/opt/ros/humble /usr/bin/cmake --build /home/airlab/osep_path_planner/build/path_planning -- -j8 -l8
[1.251s] [ 66%] [32mBuilding CXX object CMakeFiles/path_planner.dir/src/planner_main.cpp.o[0m
[1.251s] [ 66%] [32mBuilding CXX object CMakeFiles/path_planner.dir/src/planner_node.cpp.o[0m
[1.258s] [01m[K/home/airlab/osep_path_planner/src/path_planning/src/planner_node.cpp:7:10:[m[K [01;31m[Kfatal error: [m[Kplanner_main.hpp: No such file or directory
[1.258s]     7 | #include [01;31m[K"planner_main.hpp"[m[K
[1.258s]       |          [01;31m[K^~~~~~~~~~~~~~~~~~[m[K
[1.258s] compilation terminated.
[1.258s] [01m[K/home/airlab/osep_path_planner/src/path_planning/src/planner_main.cpp:9:10:[m[K [01;31m[Kfatal error: [m[Kplanner_main.hpp: No such file or directory
[1.258s]     9 | #include [01;31m[K"planner_main.hpp"[m[K
[1.258s]       |          [01;31m[K^~~~~~~~~~~~~~~~~~[m[K
[1.258s] compilation terminated.
[1.259s] gmake[2]: *** [CMakeFiles/path_planner.dir/build.make:76: CMakeFiles/path_planner.dir/src/planner_node.cpp.o] Error 1
[1.259s] gmake[2]: *** Waiting for unfinished jobs....
[1.259s] gmake[2]: *** [CMakeFiles/path_planner.dir/build.make:90: CMakeFiles/path_planner.dir/src/planner_main.cpp.o] Error 1
[1.259s] gmake[1]: *** [CMakeFiles/Makefile2:137: CMakeFiles/path_planner.dir/all] Error 2
[1.259s] gmake: *** [Makefile:146: all] Error 2
[1.260s] Invoked command in '/home/airlab/osep_path_planner/build/path_planning' returned '2': CMAKE_PREFIX_PATH=/opt/ros/humble /usr/bin/cmake --build /home/airlab/osep_path_planner/build/path_planning -- -j8 -l8
