[0.009s] Invoking command in '/home/airlab/osep_path_planner/build/rosa_skeleton_extraction': CMAKE_PREFIX_PATH=/opt/ros/humble /usr/bin/cmake /home/airlab/osep_path_planner/src/rosa_skeleton_extraction -DCMAKE_INSTALL_PREFIX=/home/airlab/osep_path_planner/install/rosa_skeleton_extraction
[0.018s] -- Found ament_cmake: 1.3.11 (/opt/ros/humble/share/ament_cmake/cmake)
[0.113s] -- Found rclcpp: 16.0.12 (/opt/ros/humble/share/rclcpp/cmake)
[0.134s] -- Found rosidl_generator_c: 3.1.6 (/opt/ros/humble/share/rosidl_generator_c/cmake)
[0.136s] -- Found rosidl_adapter: 3.1.6 (/opt/ros/humble/share/rosidl_adapter/cmake)
[0.140s] -- Found rosidl_generator_cpp: 3.1.6 (/opt/ros/humble/share/rosidl_generator_cpp/cmake)
[0.148s] -- Using all available rosidl_typesupport_c: rosidl_typesupport_fastrtps_c;rosidl_typesupport_introspection_c
[0.157s] -- Using all available rosidl_typesupport_cpp: rosidl_typesupport_fastrtps_cpp;rosidl_typesupport_introspection_cpp
[0.181s] -- Found rmw_implementation_cmake: 6.1.2 (/opt/ros/humble/share/rmw_implementation_cmake/cmake)
[0.182s] -- Found rmw_fastrtps_cpp: 6.2.7 (/opt/ros/humble/share/rmw_fastrtps_cpp/cmake)
[0.256s] -- Using RMW implementation 'rmw_fastrtps_cpp' as default
[0.294s] -- Found pcl_conversions: 2.4.5 (/opt/ros/humble/share/pcl_conversions/cmake)
[0.345s] -- Eigen found (include: /usr/include/eigen3, version: 3.4.0)
[0.367s] -- FLANN found (include: /usr/include, lib: /usr/lib/x86_64-linux-gnu/libflann_cpp.so)
[0.580s] -- OpenNI found (version: 1.5.4.0, include: /usr/include/ni, lib: /usr/lib/libOpenNI.so;libusb::libusb)
[0.584s] -- OpenNI2 found (version: 2.2.0.33, include: /usr/include/openni2, lib: /usr/lib/x86_64-linux-gnu/libOpenNI2.so;libusb::libusb)
[0.695s] -- Eigen found (include: /usr/include/eigen3, version: 3.4.0)
[0.700s] -- OpenNI found (version: 1.5.4.0, include: /usr/include/ni, lib: /usr/lib/libOpenNI.so;libusb::libusb)
[0.704s] -- OpenNI2 found (version: 2.2.0.33, include: /usr/include/openni2, lib: /usr/lib/x86_64-linux-gnu/libOpenNI2.so;libusb::libusb)
[0.810s] -- Found Qhull version 8.0.2
[0.919s] -- OpenNI found (version: 1.5.4.0, include: /usr/include/ni, lib: /usr/lib/libOpenNI.so;libusb::libusb)
[1.037s] -- Found visualization_msgs: 4.8.0 (/opt/ros/humble/share/visualization_msgs/cmake)
[1.052s] -- Found tf2_ros: 0.25.12 (/opt/ros/humble/share/tf2_ros/cmake)
[1.114s] -- Found tf2_sensor_msgs: 0.25.12 (/opt/ros/humble/share/tf2_sensor_msgs/cmake)
[1.133s] -- Found ament_lint_auto: 0.12.12 (/opt/ros/humble/share/ament_lint_auto/cmake)
[1.188s] -- Added test 'cppcheck' to perform static code analysis on C / C++ code
[1.188s] -- Configured cppcheck include dirs: $<BUILD_INTERFACE:/home/airlab/osep_path_planner/src/rosa_skeleton_extraction/include>
[1.188s] -- Configured cppcheck exclude dirs and/or files: 
[1.188s] -- Added test 'lint_cmake' to check CMake code style
[1.189s] -- Added test 'uncrustify' to check C / C++ code style
[1.189s] -- Configured uncrustify additional arguments: 
[1.189s] -- Added test 'xmllint' to check XML markup files
[1.190s] -- Configuring done
[1.217s] -- Generating done
[1.225s] -- Build files have been written to: /home/airlab/osep_path_planner/build/rosa_skeleton_extraction
[1.237s] Invoked command in '/home/airlab/osep_path_planner/build/rosa_skeleton_extraction' returned '0': CMAKE_PREFIX_PATH=/opt/ros/humble /usr/bin/cmake /home/airlab/osep_path_planner/src/rosa_skeleton_extraction -DCMAKE_INSTALL_PREFIX=/home/airlab/osep_path_planner/install/rosa_skeleton_extraction
[1.238s] Invoking command in '/home/airlab/osep_path_planner/build/rosa_skeleton_extraction': CMAKE_PREFIX_PATH=/opt/ros/humble /usr/bin/cmake --build /home/airlab/osep_path_planner/build/rosa_skeleton_extraction -- -j8 -l8
[1.273s] [ 50%] [32mBuilding CXX object CMakeFiles/rosa_skel_extract.dir/src/rosa_main.cpp.o[0m
[1.273s] [ 50%] [32mBuilding CXX object CMakeFiles/rosa_skel_extract.dir/src/extract_tools.cpp.o[0m
[1.273s] [ 75%] [32mBuilding CXX object CMakeFiles/rosa_skel_extract.dir/src/rosa_node.cpp.o[0m
[1.279s] [01m[K/home/airlab/osep_path_planner/src/rosa_skeleton_extraction/src/extract_tools.cpp:1:10:[m[K [01;31m[Kfatal error: [m[Kextract_tools.hpp: No such file or directory
[1.279s]     1 | #include [01;31m[K"extract_tools.hpp"[m[K
[1.279s]       |          [01;31m[K^~~~~~~~~~~~~~~~~~~[m[K
[1.279s] [01m[K/home/airlab/osep_path_planner/src/rosa_skeleton_extraction/src/rosa_node.cpp:10:9:[m[K [01;31m[Kfatal error: [m[Krosa_main.hpp: No such file or directory
[1.279s]    10 | #include[01;31m[K<rosa_main.hpp>[m[K
[1.280s]       |         [01;31m[K^~~~~~~~~~~~~~~[m[K
[1.280s] [01m[K/home/airlab/osep_path_planner/src/rosa_skeleton_extraction/src/rosa_main.cpp:10:10:[m[K [01;31m[Kfatal error: [m[Krosa_main.hpp: No such file or directory
[1.280s]    10 | #include [01;31m[K<rosa_main.hpp>[m[K
[1.280s]       |          [01;31m[K^~~~~~~~~~~~~~~[m[K
[1.280s] compilation terminated.
[1.280s] compilation terminated.
[1.280s] compilation terminated.
[1.280s] gmake[2]: *** [CMakeFiles/rosa_skel_extract.dir/build.make:76: CMakeFiles/rosa_skel_extract.dir/src/rosa_node.cpp.o] Error 1
[1.280s] gmake[2]: *** Waiting for unfinished jobs....
[1.280s] gmake[2]: *** [CMakeFiles/rosa_skel_extract.dir/build.make:90: CMakeFiles/rosa_skel_extract.dir/src/rosa_main.cpp.o] Error 1
[1.280s] gmake[2]: *** [CMakeFiles/rosa_skel_extract.dir/build.make:104: CMakeFiles/rosa_skel_extract.dir/src/extract_tools.cpp.o] Error 1
[1.280s] gmake[1]: *** [CMakeFiles/Makefile2:137: CMakeFiles/rosa_skel_extract.dir/all] Error 2
[1.280s] gmake: *** [Makefile:146: all] Error 2
